<?xml version="1.0" encoding="UTF-8"?>
<testsuite name="com.kodilla.exception.io.FileReaderTestSuite" tests="1" skipped="0" failures="0" errors="0" timestamp="2021-03-23T01:24:59" hostname="ANSIBL-AORUS" time="0.028">
  <properties/>
  <testcase name="testReadFileWithName()" classname="com.kodilla.exception.io.FileReaderTestSuite" time="0.028"/>
  <system-out><![CDATA[I am gonna be here... always.
I am gonna be here... always.
Janusz
Helena
Grażyna
Sebastian
I am gonna be here... always.
]]></system-out>
  <system-err><![CDATA[]]></system-err>
</testsuite>
